Nov 21, 2013 4:01:13 PM org.apache.catalina.core.AprLifecycleListener init
INFO: The APR based Apache Tomcat Native library which allows optimal performance in production environments was not found on the java.library.path: /usr/lib/jvm/java-1.6.0-openjdk-1.6.0.0.x86_64/jre/lib/amd64/server:/usr/lib/jvm/java-1.6.0-openjdk-1.6.0.0.x86_64/jre/lib/amd64:/usr/lib/jvm/java-1.6.0-openjdk-1.6.0.0.x86_64/jre/../lib/amd64:/usr/java/packages/lib/amd64:/usr/lib64:/lib64:/lib:/usr/lib
Nov 21, 2013 4:01:13 PM org.apache.coyote.http11.Http11Protocol init
INFO: Initializing Coyote HTTP/1.1 on http-8080
Nov 21, 2013 4:01:13 PM org.apache.catalina.startup.Catalina load
INFO: Initialization processed in 359 ms
Nov 21, 2013 4:01:13 PM org.apache.catalina.core.StandardService start
INFO: Starting service Catalina
Nov 21, 2013 4:01:13 PM org.apache.catalina.core.StandardEngine start
INFO: Starting Servlet Engine: Apache Tomcat/6.0.24
Nov 21, 2013 4:01:13 PM org.apache.catalina.startup.HostConfig deployWAR
INFO: Deploying web application archive eureka.war
2013-11-21 16:01:13,760 INFO  com.netflix.eureka.EurekaBootStrap:132 [main] [initEurekaEnvironment] Setting the eureka configuration..
2013-11-21 16:01:13,920 WARN  com.netflix.config.sources.URLConfigurationSource:122 [main] [<init>] No URLs will be polled as dynamic configuration sources.
2013-11-21 16:01:13,920 INFO  com.netflix.config.sources.URLConfigurationSource:123 [main] [<init>] To enable URLs as dynamic configuration sources, define System property archaius.configurationSource.additionalUrls or make config.properties available on classpath.
2013-11-21 16:01:13,926 INFO  com.netflix.config.DynamicPropertyFactory:266 [main] [getInstance] DynamicPropertyFactory is initialized with configuration sources: com.netflix.config.ConcurrentCompositeConfiguration@543bc20e
2013-11-21 16:01:14,017 INFO  com.netflix.eureka.EurekaBootStrap:141 [main] [initEurekaEnvironment] Eureka data center value eureka.datacenter is not set, defaulting to default
2013-11-21 16:01:14,017 INFO  com.netflix.eureka.EurekaBootStrap:153 [main] [initEurekaEnvironment] Eureka environment value eureka.environment is not set, defaulting to test
2013-11-21 16:01:14,023 INFO  com.netflix.eureka.EurekaBootStrap:162 [main] [initEurekaEnvironment] Initializing the eureka client...
2013-11-21 16:01:14,048 WARN  com.netflix.discovery.DiscoveryClient:1273 [main] [getZoneOffset] DISCOVERY: Could not pick a zone based on preferred zone settings. My zone - defaultZone, preferSameZone- false. Defaulting to defaultZone
2013-11-21 16:01:14,570 INFO  com.netflix.discovery.DiscoveryClient:619 [main] [fetchRegistry] Disable delta property : false
2013-11-21 16:01:14,570 INFO  com.netflix.discovery.DiscoveryClient:620 [main] [fetchRegistry] Force full registry fetch : false
2013-11-21 16:01:14,571 INFO  com.netflix.discovery.DiscoveryClient:621 [main] [fetchRegistry] Application is null : false
2013-11-21 16:01:14,571 INFO  com.netflix.discovery.DiscoveryClient:622 [main] [fetchRegistry] Registered Applications size is zero : true
2013-11-21 16:01:14,571 INFO  com.netflix.discovery.DiscoveryClient:623 [main] [fetchRegistry] Application version is -1: true
2013-11-21 16:01:22,688 ERROR com.netflix.discovery.DiscoveryClient:948 [main] [makeRemoteCall] Can't get a response from http://hostname-url:8080/eurekaapps/
Can't contact any eureka nodes - possibly a security group issue?
com.sun.jersey.api.client.ClientHandlerException: java.net.SocketTimeoutException: Read timed out
	at com.sun.jersey.client.apache4.ApacheHttpClient4Handler.handle(ApacheHttpClient4Handler.java:184)
	at com.sun.jersey.api.client.filter.GZIPContentEncodingFilter.handle(GZIPContentEncodingFilter.java:120)
	at com.sun.jersey.api.client.Client.handle(Client.java:648)
	at com.sun.jersey.api.client.WebResource.handle(WebResource.java:670)
	at com.sun.jersey.api.client.WebResource.access$200(WebResource.java:74)
	at com.sun.jersey.api.client.WebResource$Builder.get(WebResource.java:503)
	at com.netflix.discovery.DiscoveryClient.getUrl(DiscoveryClient.java:1323)
	at com.netflix.discovery.DiscoveryClient.makeRemoteCall(DiscoveryClient.java:893)
	at com.netflix.discovery.DiscoveryClient.makeRemoteCall(DiscoveryClient.java:843)
	at com.netflix.discovery.DiscoveryClient.getAndStoreFullRegistry(DiscoveryClient.java:687)
	at com.netflix.discovery.DiscoveryClient.fetchRegistry(DiscoveryClient.java:624)
	at com.netflix.discovery.DiscoveryClient.<init>(DiscoveryClient.java:215)
	at com.netflix.discovery.DiscoveryManager.initComponent(DiscoveryManager.java:73)
	at com.netflix.eureka.EurekaBootStrap.initEurekaEnvironment(EurekaBootStrap.java:164)
	at com.netflix.eureka.EurekaBootStrap.contextInitialized(EurekaBootStrap.java:91)
	at org.apache.catalina.core.StandardContext.listenerStart(StandardContext.java:3972)
	at org.apache.catalina.core.StandardContext.start(StandardContext.java:4467)
	at org.apache.catalina.core.ContainerBase.addChildInternal(ContainerBase.java:791)
	at org.apache.catalina.core.ContainerBase.addChild(ContainerBase.java:771)
	at org.apache.catalina.core.StandardHost.addChild(StandardHost.java:526)
	at org.apache.catalina.startup.HostConfig.deployWAR(HostConfig.java:905)
	at org.apache.catalina.startup.HostConfig.deployWARs(HostConfig.java:740)
	at org.apache.catalina.startup.HostConfig.deployApps(HostConfig.java:500)
	at org.apache.catalina.startup.HostConfig.start(HostConfig.java:1277)
	at org.apache.catalina.startup.HostConfig.lifecycleEvent(HostConfig.java:321)
	at org.apache.catalina.util.LifecycleSupport.fireLifecycleEvent(LifecycleSupport.java:119)
	at org.apache.catalina.core.ContainerBase.start(ContainerBase.java:1053)
	at org.apache.catalina.core.StandardHost.start(StandardHost.java:722)
	at org.apache.catalina.core.ContainerBase.start(ContainerBase.java:1045)
	at org.apache.catalina.core.StandardEngine.start(StandardEngine.java:443)
	at org.apache.catalina.core.StandardService.start(StandardService.java:516)
	at org.apache.catalina.core.StandardServer.start(StandardServer.java:710)
	at org.apache.catalina.startup.Catalina.start(Catalina.java:593)
	at sun.reflect.NativeMethodAccessorImpl.invoke0(Native Method)
	at sun.reflect.NativeMethodAccessorImpl.invoke(NativeMethodAccessorImpl.java:57)
	at sun.reflect.DelegatingMethodAccessorImpl.invoke(DelegatingMethodAccessorImpl.java:43)
	at java.lang.reflect.Method.invoke(Method.java:616)
	at org.apache.catalina.startup.Bootstrap.start(Bootstrap.java:289)
	at org.apache.catalina.startup.Bootstrap.main(Bootstrap.java:414)
Caused by: java.net.SocketTimeoutException: Read timed out
	at java.net.SocketInputStream.socketRead0(Native Method)
	at java.net.SocketInputStream.read(SocketInputStream.java:146)
	at org.apache.http.impl.io.AbstractSessionInputBuffer.fillBuffer(AbstractSessionInputBuffer.java:149)
	at org.apache.http.impl.io.SocketInputBuffer.fillBuffer(SocketInputBuffer.java:110)
	at org.apache.http.impl.io.AbstractSessionInputBuffer.readLine(AbstractSessionInputBuffer.java:264)
	at org.apache.http.impl.conn.DefaultResponseParser.parseHead(DefaultResponseParser.java:98)
	at org.apache.http.impl.io.AbstractMessageParser.parse(AbstractMessageParser.java:252)
	at org.apache.http.impl.AbstractHttpClientConnection.receiveResponseHeader(AbstractHttpClientConnection.java:281)
	at org.apache.http.impl.conn.DefaultClientConnection.receiveResponseHeader(DefaultClientConnection.java:247)
	at org.apache.http.impl.conn.AbstractClientConnAdapter.receiveResponseHeader(AbstractClientConnAdapter.java:219)
	at org.apache.http.protocol.HttpRequestExecutor.doReceiveResponse(HttpRequestExecutor.java:298)
	at org.apache.http.protocol.HttpRequestExecutor.execute(HttpRequestExecutor.java:125)
	at org.apache.http.impl.client.DefaultRequestDirector.tryExecute(DefaultRequestDirector.java:645)
	at org.apache.http.impl.client.DefaultRequestDirector.execute(DefaultRequestDirector.java:464)
	at org.apache.http.impl.client.AbstractHttpClient.execute(AbstractHttpClient.java:820)
	at org.apache.http.impl.client.AbstractHttpClient.execute(AbstractHttpClient.java:776)
	at com.sun.jersey.client.apache4.ApacheHttpClient4Handler.handle(ApacheHttpClient4Handler.java:170)
	... 38 more
2013-11-21 16:01:22,688 ERROR com.netflix.discovery.DiscoveryClient:651 [main] [fetchRegistry] DiscoveryClient_EUREKA/wb2 - was unable to refresh it's cache! status = java.net.SocketTimeoutException: Read timed out
com.sun.jersey.api.client.ClientHandlerException: java.net.SocketTimeoutException: Read timed out
	at com.sun.jersey.client.apache4.ApacheHttpClient4Handler.handle(ApacheHttpClient4Handler.java:184)
	at com.sun.jersey.api.client.filter.GZIPContentEncodingFilter.handle(GZIPContentEncodingFilter.java:120)
	at com.sun.jersey.api.client.Client.handle(Client.java:648)
	at com.sun.jersey.api.client.WebResource.handle(WebResource.java:670)
	at com.sun.jersey.api.client.WebResource.access$200(WebResource.java:74)
	at com.sun.jersey.api.client.WebResource$Builder.get(WebResource.java:503)
	at com.netflix.discovery.DiscoveryClient.getUrl(DiscoveryClient.java:1323)
	at com.netflix.discovery.DiscoveryClient.makeRemoteCall(DiscoveryClient.java:893)
	at com.netflix.discovery.DiscoveryClient.makeRemoteCall(DiscoveryClient.java:843)
	at com.netflix.discovery.DiscoveryClient.getAndStoreFullRegistry(DiscoveryClient.java:687)
	at com.netflix.discovery.DiscoveryClient.fetchRegistry(DiscoveryClient.java:624)
	at com.netflix.discovery.DiscoveryClient.<init>(DiscoveryClient.java:215)
	at com.netflix.discovery.DiscoveryManager.initComponent(DiscoveryManager.java:73)
	at com.netflix.eureka.EurekaBootStrap.initEurekaEnvironment(EurekaBootStrap.java:164)
	at com.netflix.eureka.EurekaBootStrap.contextInitialized(EurekaBootStrap.java:91)
	at org.apache.catalina.core.StandardContext.listenerStart(StandardContext.java:3972)
	at org.apache.catalina.core.StandardContext.start(StandardContext.java:4467)
	at org.apache.catalina.core.ContainerBase.addChildInternal(ContainerBase.java:791)
	at org.apache.catalina.core.ContainerBase.addChild(ContainerBase.java:771)
	at org.apache.catalina.core.StandardHost.addChild(StandardHost.java:526)
	at org.apache.catalina.startup.HostConfig.deployWAR(HostConfig.java:905)
	at org.apache.catalina.startup.HostConfig.deployWARs(HostConfig.java:740)
	at org.apache.catalina.startup.HostConfig.deployApps(HostConfig.java:500)
	at org.apache.catalina.startup.HostConfig.start(HostConfig.java:1277)
	at org.apache.catalina.startup.HostConfig.lifecycleEvent(HostConfig.java:321)
	at org.apache.catalina.util.LifecycleSupport.fireLifecycleEvent(LifecycleSupport.java:119)
	at org.apache.catalina.core.ContainerBase.start(ContainerBase.java:1053)
	at org.apache.catalina.core.StandardHost.start(StandardHost.java:722)
	at org.apache.catalina.core.ContainerBase.start(ContainerBase.java:1045)
	at org.apache.catalina.core.StandardEngine.start(StandardEngine.java:443)
	at org.apache.catalina.core.StandardService.start(StandardService.java:516)
	at org.apache.catalina.core.StandardServer.start(StandardServer.java:710)
	at org.apache.catalina.startup.Catalina.start(Catalina.java:593)
	at sun.reflect.NativeMethodAccessorImpl.invoke0(Native Method)
	at sun.reflect.NativeMethodAccessorImpl.invoke(NativeMethodAccessorImpl.java:57)
	at sun.reflect.DelegatingMethodAccessorImpl.invoke(DelegatingMethodAccessorImpl.java:43)
	at java.lang.reflect.Method.invoke(Method.java:616)
	at org.apache.catalina.startup.Bootstrap.start(Bootstrap.java:289)
	at org.apache.catalina.startup.Bootstrap.main(Bootstrap.java:414)
Caused by: java.net.SocketTimeoutException: Read timed out
	at java.net.SocketInputStream.socketRead0(Native Method)
	at java.net.SocketInputStream.read(SocketInputStream.java:146)
	at org.apache.http.impl.io.AbstractSessionInputBuffer.fillBuffer(AbstractSessionInputBuffer.java:149)
	at org.apache.http.impl.io.SocketInputBuffer.fillBuffer(SocketInputBuffer.java:110)
	at org.apache.http.impl.io.AbstractSessionInputBuffer.readLine(AbstractSessionInputBuffer.java:264)
	at org.apache.http.impl.conn.DefaultResponseParser.parseHead(DefaultResponseParser.java:98)
	at org.apache.http.impl.io.AbstractMessageParser.parse(AbstractMessageParser.java:252)
	at org.apache.http.impl.AbstractHttpClientConnection.receiveResponseHeader(AbstractHttpClientConnection.java:281)
	at org.apache.http.impl.conn.DefaultClientConnection.receiveResponseHeader(DefaultClientConnection.java:247)
	at org.apache.http.impl.conn.AbstractClientConnAdapter.receiveResponseHeader(AbstractClientConnAdapter.java:219)
	at org.apache.http.protocol.HttpRequestExecutor.doReceiveResponse(HttpRequestExecutor.java:298)
	at org.apache.http.protocol.HttpRequestExecutor.execute(HttpRequestExecutor.java:125)
	at org.apache.http.impl.client.DefaultRequestDirector.tryExecute(DefaultRequestDirector.java:645)
	at org.apache.http.impl.client.DefaultRequestDirector.execute(DefaultRequestDirector.java:464)
	at org.apache.http.impl.client.AbstractHttpClient.execute(AbstractHttpClient.java:820)
	at org.apache.http.impl.client.AbstractHttpClient.execute(AbstractHttpClient.java:776)
	at com.sun.jersey.client.apache4.ApacheHttpClient4Handler.handle(ApacheHttpClient4Handler.java:170)
	... 38 more
2013-11-21 16:01:22,688 WARN  com.netflix.discovery.DiscoveryClient:1569 [main] [fetchRegistryFromBackup] No backup registry instance defined & unable to find any discovery servers.
2013-11-21 16:01:22,690 INFO  com.netflix.discovery.DiscoveryClient:987 [main] [initScheduledTasks] Starting heartbeat executor: renew interval is: 30
2013-11-21 16:01:22,933 WARN  com.netflix.discovery.DiscoveryClient:1273 [main] [getZoneOffset] DISCOVERY: Could not pick a zone based on preferred zone settings. My zone - defaultZone, preferSameZone- false. Defaulting to defaultZone
2013-11-21 16:01:22,933 INFO  com.netflix.eureka.PeerAwareInstanceRegistry:218 [main] [updatePeerEurekaNodes] Adding replica node: http://hostname-url:8080/eureka
2013-11-21 16:01:23,120 INFO  com.netflix.eureka.PeerAwareInstanceRegistry:236 [main] [updatePeerEurekaNodes] Updating the replica nodes as they seem to have changed from [] to [http://hostname-url:8080/eureka] 
2013-11-21 16:01:52,689 INFO  com.netflix.discovery.DiscoveryClient:619 [DiscoveryClient_CacheRefresher] [fetchRegistry] Disable delta property : false
2013-11-21 16:01:52,689 INFO  com.netflix.discovery.DiscoveryClient:620 [DiscoveryClient_CacheRefresher] [fetchRegistry] Force full registry fetch : false
2013-11-21 16:01:52,694 INFO  com.netflix.discovery.DiscoveryClient:621 [DiscoveryClient_CacheRefresher] [fetchRegistry] Application is null : false
2013-11-21 16:01:52,694 INFO  com.netflix.discovery.DiscoveryClient:622 [DiscoveryClient_CacheRefresher] [fetchRegistry] Registered Applications size is zero : true
2013-11-21 16:01:52,695 INFO  com.netflix.discovery.DiscoveryClient:623 [DiscoveryClient_CacheRefresher] [fetchRegistry] Application version is -1: true
2013-11-21 16:02:00,705 ERROR com.netflix.discovery.DiscoveryClient:948 [DiscoveryClient_CacheRefresher] [makeRemoteCall] Can't get a response from http://hostname-url:8080/eurekaapps/
Can't contact any eureka nodes - possibly a security group issue?
com.sun.jersey.api.client.ClientHandlerException: java.net.SocketTimeoutException: Read timed out
	at com.sun.jersey.client.apache4.ApacheHttpClient4Handler.handle(ApacheHttpClient4Handler.java:184)
	at com.sun.jersey.api.client.filter.GZIPContentEncodingFilter.handle(GZIPContentEncodingFilter.java:120)
	at com.sun.jersey.api.client.Client.handle(Client.java:648)
	at com.sun.jersey.api.client.WebResource.handle(WebResource.java:670)
	at com.sun.jersey.api.client.WebResource.access$200(WebResource.java:74)
	at com.sun.jersey.api.client.WebResource$Builder.get(WebResource.java:503)
	at com.netflix.discovery.DiscoveryClient.getUrl(DiscoveryClient.java:1323)
	at com.netflix.discovery.DiscoveryClient.makeRemoteCall(DiscoveryClient.java:893)
	at com.netflix.discovery.DiscoveryClient.makeRemoteCall(DiscoveryClient.java:843)
	at com.netflix.discovery.DiscoveryClient.getAndStoreFullRegistry(DiscoveryClient.java:687)
	at com.netflix.discovery.DiscoveryClient.fetchRegistry(DiscoveryClient.java:624)
	at com.netflix.discovery.DiscoveryClient.access$1400(DiscoveryClient.java:91)
	at com.netflix.discovery.DiscoveryClient$CacheRefreshThread.run(DiscoveryClient.java:1462)
	at java.util.TimerThread.mainLoop(Timer.java:534)
	at java.util.TimerThread.run(Timer.java:484)
Caused by: java.net.SocketTimeoutException: Read timed out
	at java.net.SocketInputStream.socketRead0(Native Method)
	at java.net.SocketInputStream.read(SocketInputStream.java:146)
	at org.apache.http.impl.io.AbstractSessionInputBuffer.fillBuffer(AbstractSessionInputBuffer.java:149)
	at org.apache.http.impl.io.SocketInputBuffer.fillBuffer(SocketInputBuffer.java:110)
	at org.apache.http.impl.io.AbstractSessionInputBuffer.readLine(AbstractSessionInputBuffer.java:264)
	at org.apache.http.impl.conn.DefaultResponseParser.parseHead(DefaultResponseParser.java:98)
	at org.apache.http.impl.io.AbstractMessageParser.parse(AbstractMessageParser.java:252)
	at org.apache.http.impl.AbstractHttpClientConnection.receiveResponseHeader(AbstractHttpClientConnection.java:281)
	at org.apache.http.impl.conn.DefaultClientConnection.receiveResponseHeader(DefaultClientConnection.java:247)
	at org.apache.http.impl.conn.AbstractClientConnAdapter.receiveResponseHeader(AbstractClientConnAdapter.java:219)
	at org.apache.http.protocol.HttpRequestExecutor.doReceiveResponse(HttpRequestExecutor.java:298)
	at org.apache.http.protocol.HttpRequestExecutor.execute(HttpRequestExecutor.java:125)
	at org.apache.http.impl.client.DefaultRequestDirector.tryExecute(DefaultRequestDirector.java:645)
	at org.apache.http.impl.client.DefaultRequestDirector.execute(DefaultRequestDirector.java:464)
	at org.apache.http.impl.client.AbstractHttpClient.execute(AbstractHttpClient.java:820)
	at org.apache.http.impl.client.AbstractHttpClient.execute(AbstractHttpClient.java:776)
	at com.sun.jersey.client.apache4.ApacheHttpClient4Handler.handle(ApacheHttpClient4Handler.java:170)
	... 14 more
2013-11-21 16:02:00,705 ERROR com.netflix.discovery.DiscoveryClient:651 [DiscoveryClient_CacheRefresher] [fetchRegistry] DiscoveryClient_EUREKA/wb2 - was unable to refresh it's cache! status = java.net.SocketTimeoutException: Read timed out
com.sun.jersey.api.client.ClientHandlerException: java.net.SocketTimeoutException: Read timed out
	at com.sun.jersey.client.apache4.ApacheHttpClient4Handler.handle(ApacheHttpClient4Handler.java:184)
	at com.sun.jersey.api.client.filter.GZIPContentEncodingFilter.handle(GZIPContentEncodingFilter.java:120)
	at com.sun.jersey.api.client.Client.handle(Client.java:648)
	at com.sun.jersey.api.client.WebResource.handle(WebResource.java:670)
	at com.sun.jersey.api.client.WebResource.access$200(WebResource.java:74)
	at com.sun.jersey.api.client.WebResource$Builder.get(WebResource.java:503)
	at com.netflix.discovery.DiscoveryClient.getUrl(DiscoveryClient.java:1323)
	at com.netflix.discovery.DiscoveryClient.makeRemoteCall(DiscoveryClient.java:893)
	at com.netflix.discovery.DiscoveryClient.makeRemoteCall(DiscoveryClient.java:843)
	at com.netflix.discovery.DiscoveryClient.getAndStoreFullRegistry(DiscoveryClient.java:687)
	at com.netflix.discovery.DiscoveryClient.fetchRegistry(DiscoveryClient.java:624)
	at com.netflix.discovery.DiscoveryClient.access$1400(DiscoveryClient.java:91)
	at com.netflix.discovery.DiscoveryClient$CacheRefreshThread.run(DiscoveryClient.java:1462)
	at java.util.TimerThread.mainLoop(Timer.java:534)
	at java.util.TimerThread.run(Timer.java:484)
Caused by: java.net.SocketTimeoutException: Read timed out
	at java.net.SocketInputStream.socketRead0(Native Method)
	at java.net.SocketInputStream.read(SocketInputStream.java:146)
	at org.apache.http.impl.io.AbstractSessionInputBuffer.fillBuffer(AbstractSessionInputBuffer.java:149)
	at org.apache.http.impl.io.SocketInputBuffer.fillBuffer(SocketInputBuffer.java:110)
	at org.apache.http.impl.io.AbstractSessionInputBuffer.readLine(AbstractSessionInputBuffer.java:264)
	at org.apache.http.impl.conn.DefaultResponseParser.parseHead(DefaultResponseParser.java:98)
	at org.apache.http.impl.io.AbstractMessageParser.parse(AbstractMessageParser.java:252)
	at org.apache.http.impl.AbstractHttpClientConnection.receiveResponseHeader(AbstractHttpClientConnection.java:281)
	at org.apache.http.impl.conn.DefaultClientConnection.receiveResponseHeader(DefaultClientConnection.java:247)
	at org.apache.http.impl.conn.AbstractClientConnAdapter.receiveResponseHeader(AbstractClientConnAdapter.java:219)
	at org.apache.http.protocol.HttpRequestExecutor.doReceiveResponse(HttpRequestExecutor.java:298)
	at org.apache.http.protocol.HttpRequestExecutor.execute(HttpRequestExecutor.java:125)
	at org.apache.http.impl.client.DefaultRequestDirector.tryExecute(DefaultRequestDirector.java:645)
	at org.apache.http.impl.client.DefaultRequestDirector.execute(DefaultRequestDirector.java:464)
	at org.apache.http.impl.client.AbstractHttpClient.execute(AbstractHttpClient.java:820)
	at org.apache.http.impl.client.AbstractHttpClient.execute(AbstractHttpClient.java:776)
	at com.sun.jersey.client.apache4.ApacheHttpClient4Handler.handle(ApacheHttpClient4Handler.java:170)
	... 14 more
2013-11-21 16:02:00,706 INFO  com.netflix.discovery.DiscoveryClient$CacheRefreshThread:1475 [DiscoveryClient_CacheRefresher] [run] Completed cache refresh task for discovery. All Apps hash code is Local region apps hashcode: null, is fetching remote regions? false 
2013-11-21 16:02:00,712 ERROR com.netflix.discovery.DiscoveryClient:948 [DiscoveryClient_Heartbeat] [makeRemoteCall] Can't get a response from http://hostname-url:8080/eurekaapps/EUREKA/wb2
Can't contact any eureka nodes - possibly a security group issue?
com.sun.jersey.api.client.ClientHandlerException: java.net.SocketTimeoutException: Read timed out
	at com.sun.jersey.client.apache4.ApacheHttpClient4Handler.handle(ApacheHttpClient4Handler.java:184)
	at com.sun.jersey.api.client.filter.GZIPContentEncodingFilter.handle(GZIPContentEncodingFilter.java:120)
	at com.sun.jersey.api.client.Client.handle(Client.java:648)
	at com.sun.jersey.api.client.WebResource.handle(WebResource.java:670)
	at com.sun.jersey.api.client.WebResource.put(WebResource.java:211)
	at com.netflix.discovery.DiscoveryClient.makeRemoteCall(DiscoveryClient.java:879)
	at com.netflix.discovery.DiscoveryClient.makeRemoteCall(DiscoveryClient.java:843)
	at com.netflix.discovery.DiscoveryClient.access$200(DiscoveryClient.java:91)
	at com.netflix.discovery.DiscoveryClient$HeartbeatThread.run(DiscoveryClient.java:1339)
	at java.util.TimerThread.mainLoop(Timer.java:534)
	at java.util.TimerThread.run(Timer.java:484)
Caused by: java.net.SocketTimeoutException: Read timed out
	at java.net.SocketInputStream.socketRead0(Native Method)
	at java.net.SocketInputStream.read(SocketInputStream.java:146)
	at org.apache.http.impl.io.AbstractSessionInputBuffer.fillBuffer(AbstractSessionInputBuffer.java:149)
	at org.apache.http.impl.io.SocketInputBuffer.fillBuffer(SocketInputBuffer.java:110)
	at org.apache.http.impl.io.AbstractSessionInputBuffer.readLine(AbstractSessionInputBuffer.java:264)
	at org.apache.http.impl.conn.DefaultResponseParser.parseHead(DefaultResponseParser.java:98)
	at org.apache.http.impl.io.AbstractMessageParser.parse(AbstractMessageParser.java:252)
	at org.apache.http.impl.AbstractHttpClientConnection.receiveResponseHeader(AbstractHttpClientConnection.java:281)
	at org.apache.http.impl.conn.DefaultClientConnection.receiveResponseHeader(DefaultClientConnection.java:247)
	at org.apache.http.impl.conn.AbstractClientConnAdapter.receiveResponseHeader(AbstractClientConnAdapter.java:219)
	at org.apache.http.protocol.HttpRequestExecutor.doReceiveResponse(HttpRequestExecutor.java:298)
	at org.apache.http.protocol.HttpRequestExecutor.execute(HttpRequestExecutor.java:125)
	at org.apache.http.impl.client.DefaultRequestDirector.tryExecute(DefaultRequestDirector.java:645)
	at org.apache.http.impl.client.DefaultRequestDirector.execute(DefaultRequestDirector.java:464)
	at org.apache.http.impl.client.AbstractHttpClient.execute(AbstractHttpClient.java:820)
	at org.apache.http.impl.client.AbstractHttpClient.execute(AbstractHttpClient.java:776)
	at com.sun.jersey.client.apache4.ApacheHttpClient4Handler.handle(ApacheHttpClient4Handler.java:170)
	... 10 more
2013-11-21 16:02:00,723 ERROR com.netflix.discovery.DiscoveryClient$HeartbeatThread:1355 [DiscoveryClient_Heartbeat] [run] DiscoveryClient_EUREKA/wb2 - was unable to send heartbeat!
com.sun.jersey.api.client.ClientHandlerException: java.net.SocketTimeoutException: Read timed out
	at com.sun.jersey.client.apache4.ApacheHttpClient4Handler.handle(ApacheHttpClient4Handler.java:184)
	at com.sun.jersey.api.client.filter.GZIPContentEncodingFilter.handle(GZIPContentEncodingFilter.java:120)
	at com.sun.jersey.api.client.Client.handle(Client.java:648)
	at com.sun.jersey.api.client.WebResource.handle(WebResource.java:670)
	at com.sun.jersey.api.client.WebResource.put(WebResource.java:211)
	at com.netflix.discovery.DiscoveryClient.makeRemoteCall(DiscoveryClient.java:879)
	at com.netflix.discovery.DiscoveryClient.makeRemoteCall(DiscoveryClient.java:843)
	at com.netflix.discovery.DiscoveryClient.access$200(DiscoveryClient.java:91)
	at com.netflix.discovery.DiscoveryClient$HeartbeatThread.run(DiscoveryClient.java:1339)
	at java.util.TimerThread.mainLoop(Timer.java:534)
	at java.util.TimerThread.run(Timer.java:484)
Caused by: java.net.SocketTimeoutException: Read timed out
	at java.net.SocketInputStream.socketRead0(Native Method)
	at java.net.SocketInputStream.read(SocketInputStream.java:146)
	at org.apache.http.impl.io.AbstractSessionInputBuffer.fillBuffer(AbstractSessionInputBuffer.java:149)
	at org.apache.http.impl.io.SocketInputBuffer.fillBuffer(SocketInputBuffer.java:110)
	at org.apache.http.impl.io.AbstractSessionInputBuffer.readLine(AbstractSessionInputBuffer.java:264)
	at org.apache.http.impl.conn.DefaultResponseParser.parseHead(DefaultResponseParser.java:98)
	at org.apache.http.impl.io.AbstractMessageParser.parse(AbstractMessageParser.java:252)
	at org.apache.http.impl.AbstractHttpClientConnection.receiveResponseHeader(AbstractHttpClientConnection.java:281)
	at org.apache.http.impl.conn.DefaultClientConnection.receiveResponseHeader(DefaultClientConnection.java:247)
	at org.apache.http.impl.conn.AbstractClientConnAdapter.receiveResponseHeader(AbstractClientConnAdapter.java:219)
	at org.apache.http.protocol.HttpRequestExecutor.doReceiveResponse(HttpRequestExecutor.java:298)
	at org.apache.http.protocol.HttpRequestExecutor.execute(HttpRequestExecutor.java:125)
	at org.apache.http.impl.client.DefaultRequestDirector.tryExecute(DefaultRequestDirector.java:645)
	at org.apache.http.impl.client.DefaultRequestDirector.execute(DefaultRequestDirector.java:464)
	at org.apache.http.impl.client.AbstractHttpClient.execute(AbstractHttpClient.java:820)
	at org.apache.http.impl.client.AbstractHttpClient.execute(AbstractHttpClient.java:776)
	at com.sun.jersey.client.apache4.ApacheHttpClient4Handler.handle(ApacheHttpClient4Handler.java:170)
	... 10 more
2013-11-21 16:02:22,690 INFO  com.netflix.discovery.DiscoveryClient:619 [DiscoveryClient_CacheRefresher] [fetchRegistry] Disable delta property : false
2013-11-21 16:02:22,690 INFO  com.netflix.discovery.DiscoveryClient:620 [DiscoveryClient_CacheRefresher] [fetchRegistry] Force full registry fetch : false
2013-11-21 16:02:22,690 INFO  com.netflix.discovery.DiscoveryClient:621 [DiscoveryClient_CacheRefresher] [fetchRegistry] Application is null : false
2013-11-21 16:02:22,690 INFO  com.netflix.discovery.DiscoveryClient:622 [DiscoveryClient_CacheRefresher] [fetchRegistry] Registered Applications size is zero : true
2013-11-21 16:02:22,690 INFO  com.netflix.discovery.DiscoveryClient:623 [DiscoveryClient_CacheRefresher] [fetchRegistry] Application version is -1: true
2013-11-21 16:02:30,700 ERROR com.netflix.discovery.DiscoveryClient:948 [DiscoveryClient_CacheRefresher] [makeRemoteCall] Can't get a response from http://hostname-url:8080/eurekaapps/
Can't contact any eureka nodes - possibly a security group issue?
com.sun.jersey.api.client.ClientHandlerException: java.net.SocketTimeoutException: Read timed out
	at com.sun.jersey.client.apache4.ApacheHttpClient4Handler.handle(ApacheHttpClient4Handler.java:184)
	at com.sun.jersey.api.client.filter.GZIPContentEncodingFilter.handle(GZIPContentEncodingFilter.java:120)
	at com.sun.jersey.api.client.Client.handle(Client.java:648)
	at com.sun.jersey.api.client.WebResource.handle(WebResource.java:670)
	at com.sun.jersey.api.client.WebResource.access$200(WebResource.java:74)
	at com.sun.jersey.api.client.WebResource$Builder.get(WebResource.java:503)
	at com.netflix.discovery.DiscoveryClient.getUrl(DiscoveryClient.java:1323)
	at com.netflix.discovery.DiscoveryClient.makeRemoteCall(DiscoveryClient.java:893)
	at com.netflix.discovery.DiscoveryClient.makeRemoteCall(DiscoveryClient.java:843)
	at com.netflix.discovery.DiscoveryClient.getAndStoreFullRegistry(DiscoveryClient.java:687)
	at com.netflix.discovery.DiscoveryClient.fetchRegistry(DiscoveryClient.java:624)
	at com.netflix.discovery.DiscoveryClient.access$1400(DiscoveryClient.java:91)
	at com.netflix.discovery.DiscoveryClient$CacheRefreshThread.run(DiscoveryClient.java:1462)
	at java.util.TimerThread.mainLoop(Timer.java:534)
	at java.util.TimerThread.run(Timer.java:484)
Caused by: java.net.SocketTimeoutException: Read timed out
	at java.net.SocketInputStream.socketRead0(Native Method)
	at java.net.SocketInputStream.read(SocketInputStream.java:146)
	at org.apache.http.impl.io.AbstractSessionInputBuffer.fillBuffer(AbstractSessionInputBuffer.java:149)
	at org.apache.http.impl.io.SocketInputBuffer.fillBuffer(SocketInputBuffer.java:110)
	at org.apache.http.impl.io.AbstractSessionInputBuffer.readLine(AbstractSessionInputBuffer.java:264)
	at org.apache.http.impl.conn.DefaultResponseParser.parseHead(DefaultResponseParser.java:98)
	at org.apache.http.impl.io.AbstractMessageParser.parse(AbstractMessageParser.java:252)
	at org.apache.http.impl.AbstractHttpClientConnection.receiveResponseHeader(AbstractHttpClientConnection.java:281)
	at org.apache.http.impl.conn.DefaultClientConnection.receiveResponseHeader(DefaultClientConnection.java:247)
	at org.apache.http.impl.conn.AbstractClientConnAdapter.receiveResponseHeader(AbstractClientConnAdapter.java:219)
	at org.apache.http.protocol.HttpRequestExecutor.doReceiveResponse(HttpRequestExecutor.java:298)
	at org.apache.http.protocol.HttpRequestExecutor.execute(HttpRequestExecutor.java:125)
	at org.apache.http.impl.client.DefaultRequestDirector.tryExecute(DefaultRequestDirector.java:645)
	at org.apache.http.impl.client.DefaultRequestDirector.execute(DefaultRequestDirector.java:464)
	at org.apache.http.impl.client.AbstractHttpClient.execute(AbstractHttpClient.java:820)
	at org.apache.http.impl.client.AbstractHttpClient.execute(AbstractHttpClient.java:776)
	at com.sun.jersey.client.apache4.ApacheHttpClient4Handler.handle(ApacheHttpClient4Handler.java:170)
	... 14 more
2013-11-21 16:02:30,700 ERROR com.netflix.discovery.DiscoveryClient:651 [DiscoveryClient_CacheRefresher] [fetchRegistry] DiscoveryClient_EUREKA/wb2 - was unable to refresh it's cache! status = java.net.SocketTimeoutException: Read timed out
com.sun.jersey.api.client.ClientHandlerException: java.net.SocketTimeoutException: Read timed out
	at com.sun.jersey.client.apache4.ApacheHttpClient4Handler.handle(ApacheHttpClient4Handler.java:184)
	at com.sun.jersey.api.client.filter.GZIPContentEncodingFilter.handle(GZIPContentEncodingFilter.java:120)
	at com.sun.jersey.api.client.Client.handle(Client.java:648)
	at com.sun.jersey.api.client.WebResource.handle(WebResource.java:670)
	at com.sun.jersey.api.client.WebResource.access$200(WebResource.java:74)
	at com.sun.jersey.api.client.WebResource$Builder.get(WebResource.java:503)
	at com.netflix.discovery.DiscoveryClient.getUrl(DiscoveryClient.java:1323)
	at com.netflix.discovery.DiscoveryClient.makeRemoteCall(DiscoveryClient.java:893)
	at com.netflix.discovery.DiscoveryClient.makeRemoteCall(DiscoveryClient.java:843)
	at com.netflix.discovery.DiscoveryClient.getAndStoreFullRegistry(DiscoveryClient.java:687)
	at com.netflix.discovery.DiscoveryClient.fetchRegistry(DiscoveryClient.java:624)
	at com.netflix.discovery.DiscoveryClient.access$1400(DiscoveryClient.java:91)
	at com.netflix.discovery.DiscoveryClient$CacheRefreshThread.run(DiscoveryClient.java:1462)
	at java.util.TimerThread.mainLoop(Timer.java:534)
	at java.util.TimerThread.run(Timer.java:484)
Caused by: java.net.SocketTimeoutException: Read timed out
	at java.net.SocketInputStream.socketRead0(Native Method)
	at java.net.SocketInputStream.read(SocketInputStream.java:146)
	at org.apache.http.impl.io.AbstractSessionInputBuffer.fillBuffer(AbstractSessionInputBuffer.java:149)
	at org.apache.http.impl.io.SocketInputBuffer.fillBuffer(SocketInputBuffer.java:110)
	at org.apache.http.impl.io.AbstractSessionInputBuffer.readLine(AbstractSessionInputBuffer.java:264)
	at org.apache.http.impl.conn.DefaultResponseParser.parseHead(DefaultResponseParser.java:98)
	at org.apache.http.impl.io.AbstractMessageParser.parse(AbstractMessageParser.java:252)
	at org.apache.http.impl.AbstractHttpClientConnection.receiveResponseHeader(AbstractHttpClientConnection.java:281)
	at org.apache.http.impl.conn.DefaultClientConnection.receiveResponseHeader(DefaultClientConnection.java:247)
	at org.apache.http.impl.conn.AbstractClientConnAdapter.receiveResponseHeader(AbstractClientConnAdapter.java:219)
	at org.apache.http.protocol.HttpRequestExecutor.doReceiveResponse(HttpRequestExecutor.java:298)
	at org.apache.http.protocol.HttpRequestExecutor.execute(HttpRequestExecutor.java:125)
	at org.apache.http.impl.client.DefaultRequestDirector.tryExecute(DefaultRequestDirector.java:645)
	at org.apache.http.impl.client.DefaultRequestDirector.execute(DefaultRequestDirector.java:464)
	at org.apache.http.impl.client.AbstractHttpClient.execute(AbstractHttpClient.java:820)
	at org.apache.http.impl.client.AbstractHttpClient.execute(AbstractHttpClient.java:776)
	at com.sun.jersey.client.apache4.ApacheHttpClient4Handler.handle(ApacheHttpClient4Handler.java:170)
	... 14 more
2013-11-21 16:02:30,700 INFO  com.netflix.discovery.DiscoveryClient$CacheRefreshThread:1475 [DiscoveryClient_CacheRefresher] [run] Completed cache refresh task for discovery. All Apps hash code is Local region apps hashcode: null, is fetching remote regions? false 
2013-11-21 16:02:30,722 ERROR com.netflix.discovery.DiscoveryClient:948 [DiscoveryClient_Heartbeat] [makeRemoteCall] Can't get a response from http://hostname-url:8080/eurekaapps/EUREKA/wb2
Can't contact any eureka nodes - possibly a security group issue?
com.sun.jersey.api.client.ClientHandlerException: java.net.SocketTimeoutException: Read timed out
	at com.sun.jersey.client.apache4.ApacheHttpClient4Handler.handle(ApacheHttpClient4Handler.java:184)
	at com.sun.jersey.api.client.filter.GZIPContentEncodingFilter.handle(GZIPContentEncodingFilter.java:120)
	at com.sun.jersey.api.client.Client.handle(Client.java:648)
	at com.sun.jersey.api.client.WebResource.handle(WebResource.java:670)
	at com.sun.jersey.api.client.WebResource.put(WebResource.java:211)
	at com.netflix.discovery.DiscoveryClient.makeRemoteCall(DiscoveryClient.java:879)
	at com.netflix.discovery.DiscoveryClient.makeRemoteCall(DiscoveryClient.java:843)
	at com.netflix.discovery.DiscoveryClient.access$200(DiscoveryClient.java:91)
	at com.netflix.discovery.DiscoveryClient$HeartbeatThread.run(DiscoveryClient.java:1339)
	at java.util.TimerThread.mainLoop(Timer.java:534)
	at java.util.TimerThread.run(Timer.java:484)
Caused by: java.net.SocketTimeoutException: Read timed out
	at java.net.SocketInputStream.socketRead0(Native Method)
	at java.net.SocketInputStream.read(SocketInputStream.java:146)
	at org.apache.http.impl.io.AbstractSessionInputBuffer.fillBuffer(AbstractSessionInputBuffer.java:149)
	at org.apache.http.impl.io.SocketInputBuffer.fillBuffer(SocketInputBuffer.java:110)
	at org.apache.http.impl.io.AbstractSessionInputBuffer.readLine(AbstractSessionInputBuffer.java:264)
	at org.apache.http.impl.conn.DefaultResponseParser.parseHead(DefaultResponseParser.java:98)
	at org.apache.http.impl.io.AbstractMessageParser.parse(AbstractMessageParser.java:252)
	at org.apache.http.impl.AbstractHttpClientConnection.receiveResponseHeader(AbstractHttpClientConnection.java:281)
	at org.apache.http.impl.conn.DefaultClientConnection.receiveResponseHeader(DefaultClientConnection.java:247)
	at org.apache.http.impl.conn.AbstractClientConnAdapter.receiveResponseHeader(AbstractClientConnAdapter.java:219)
	at org.apache.http.protocol.HttpRequestExecutor.doReceiveResponse(HttpRequestExecutor.java:298)
	at org.apache.http.protocol.HttpRequestExecutor.execute(HttpRequestExecutor.java:125)
	at org.apache.http.impl.client.DefaultRequestDirector.tryExecute(DefaultRequestDirector.java:645)
	at org.apache.http.impl.client.DefaultRequestDirector.execute(DefaultRequestDirector.java:464)
	at org.apache.http.impl.client.AbstractHttpClient.execute(AbstractHttpClient.java:820)
	at org.apache.http.impl.client.AbstractHttpClient.execute(AbstractHttpClient.java:776)
	at com.sun.jersey.client.apache4.ApacheHttpClient4Handler.handle(ApacheHttpClient4Handler.java:170)
	... 10 more
2013-11-21 16:02:30,722 ERROR com.netflix.discovery.DiscoveryClient$HeartbeatThread:1355 [DiscoveryClient_Heartbeat] [run] DiscoveryClient_EUREKA/wb2 - was unable to send heartbeat!
com.sun.jersey.api.client.ClientHandlerException: java.net.SocketTimeoutException: Read timed out
	at com.sun.jersey.client.apache4.ApacheHttpClient4Handler.handle(ApacheHttpClient4Handler.java:184)
	at com.sun.jersey.api.client.filter.GZIPContentEncodingFilter.handle(GZIPContentEncodingFilter.java:120)
	at com.sun.jersey.api.client.Client.handle(Client.java:648)
	at com.sun.jersey.api.client.WebResource.handle(WebResource.java:670)
	at com.sun.jersey.api.client.WebResource.put(WebResource.java:211)
	at com.netflix.discovery.DiscoveryClient.makeRemoteCall(DiscoveryClient.java:879)
	at com.netflix.discovery.DiscoveryClient.makeRemoteCall(DiscoveryClient.java:843)
	at com.netflix.discovery.DiscoveryClient.access$200(DiscoveryClient.java:91)
	at com.netflix.discovery.DiscoveryClient$HeartbeatThread.run(DiscoveryClient.java:1339)
	at java.util.TimerThread.mainLoop(Timer.java:534)
	at java.util.TimerThread.run(Timer.java:484)
Caused by: java.net.SocketTimeoutException: Read timed out
	at java.net.SocketInputStream.socketRead0(Native Method)
	at java.net.SocketInputStream.read(SocketInputStream.java:146)
	at org.apache.http.impl.io.AbstractSessionInputBuffer.fillBuffer(AbstractSessionInputBuffer.java:149)
	at org.apache.http.impl.io.SocketInputBuffer.fillBuffer(SocketInputBuffer.java:110)
	at org.apache.http.impl.io.AbstractSessionInputBuffer.readLine(AbstractSessionInputBuffer.java:264)
	at org.apache.http.impl.conn.DefaultResponseParser.parseHead(DefaultResponseParser.java:98)
	at org.apache.http.impl.io.AbstractMessageParser.parse(AbstractMessageParser.java:252)
	at org.apache.http.impl.AbstractHttpClientConnection.receiveResponseHeader(AbstractHttpClientConnection.java:281)
	at org.apache.http.impl.conn.DefaultClientConnection.receiveResponseHeader(DefaultClientConnection.java:247)
	at org.apache.http.impl.conn.AbstractClientConnAdapter.receiveResponseHeader(AbstractClientConnAdapter.java:219)
	at org.apache.http.protocol.HttpRequestExecutor.doReceiveResponse(HttpRequestExecutor.java:298)
	at org.apache.http.protocol.HttpRequestExecutor.execute(HttpRequestExecutor.java:125)
	at org.apache.http.impl.client.DefaultRequestDirector.tryExecute(DefaultRequestDirector.java:645)
	at org.apache.http.impl.client.DefaultRequestDirector.execute(DefaultRequestDirector.java:464)
	at org.apache.http.impl.client.AbstractHttpClient.execute(AbstractHttpClient.java:820)
	at org.apache.http.impl.client.AbstractHttpClient.execute(AbstractHttpClient.java:776)
	at com.sun.jersey.client.apache4.ApacheHttpClient4Handler.handle(ApacheHttpClient4Handler.java:170)
	... 10 more
